<?xml version="1.0" encoding="UTF-8"?>
<testsuites name="jest tests" tests="3" failures="0" time="6.47">
  <testsuite name="Zadanie nr. 2" errors="0" failures="0" skipped="0" timestamp="2021-04-28T07:55:29" time="5.233" tests="3">
    <testcase classname="Zadanie nr. 2" name="Dodano button o odpowiednim ID" time="0.005">
    </testcase>
    <testcase classname="Zadanie nr. 2" name="Po kliknięciu w button, powinno pobrać dodać zdjęcie kozy jako IMG" time="0.026">
    </testcase>
    <testcase classname="Zadanie nr. 2" name="Wszystko powinno być poprzedzone poprawnym requestem" time="0">
    </testcase>
  </testsuite>
</testsuites>